<?xml version="1.0" encoding="UTF-8"?>
<testsuite xmlns:xsi="http://www.w3.org/2001/XMLSchema-instance" xsi:noNamespaceSchemaLocation="https://maven.apache.org/surefire/maven-surefire-plugin/xsd/surefire-test-report-3.0.xsd" version="3.0" name="com.androidemulatormanager.SdkManagerTest" time="0.54" tests="12" errors="0" skipped="0" failures="0">
  <properties>
[...]
</properties>
  <testcase name="shouldAcceptProgressCallbackCallsDuringDownloadSimulation" classname="com.androidemulatormanager.SdkManagerTest" time="0.225"/>
  <testcase name="shouldHandleNullSdkPathGracefully" classname="com.androidemulatormanager.SdkManagerTest" time="0.005"/>
  <testcase name="shouldCallSetupSdkAndLogAppropriateMessages" classname="com.androidemulatormanager.SdkManagerTest" time="0.117"/>
  <testcase name="shouldReturnSdkManagerPathWhenItExistsOnLinux" classname="com.androidemulatormanager.SdkManagerTest" time="0.011"/>
  <testcase name="shouldReturnAvdManagerPathWhenItExistsOnMacOS" classname="com.androidemulatormanager.SdkManagerTest" time="0.011"/>
  <testcase name="shouldReturnNullForNonExistentAvdManagerPath" classname="com.androidemulatormanager.SdkManagerTest" time="0.005"/>
  <testcase name="shouldInitializeSdkManagerWithoutExceptions" classname="com.androidemulatormanager.SdkManagerTest" time="0.004"/>
  <testcase name="shouldReturnAvdManagerPathWhenItExistsOnWindows" classname="com.androidemulatormanager.SdkManagerTest" time="0.012"/>
  <testcase name="shouldReturnNullForNonExistentSdkManagerPath" classname="com.androidemulatormanager.SdkManagerTest" time="0.006"/>
  <testcase name="shouldHandleEmptySdkPathGracefully" classname="com.androidemulatormanager.SdkManagerTest" time="0.12"/>
  <testcase name="progressInfoShouldStoreValueAndTextCorrectly" classname="com.androidemulatormanager.SdkManagerTest" time="0.009"/>
  <testcase name="shouldReturnSdkManagerPathWhenItExistsOnWindows" classname="com.androidemulatormanager.SdkManagerTest" time="0.007"/>
</testsuite>